2024-03-12 14:53:48,803 [Worker-1: Loading available Gradle versions] INFO  o.e.b.c.i.u.g.PublishedGradleVersions - Gradle version information cache is out-of-date. Trying to update.
2024-03-12 14:54:36,821 [Worker-13: Launching mavenrun-ebe31c9e-43dc-439f-9de7-9fdb0d1c6b55] INFO  o.eclipse.m2e.core.internal.Bundles - getClasspathEntries(Bundle=org.eclipse.m2e.maven.runtime_3.9.400.20230826-0755 [295])
2024-03-12 14:54:36,824 [Worker-13: Launching mavenrun-ebe31c9e-43dc-439f-9de7-9fdb0d1c6b55] INFO  o.eclipse.m2e.core.internal.Bundles - 	Entry: C:\Users\ASUS\.p2\pool\plugins\org.eclipse.m2e.maven.runtime_3.9.400.20230826-0755
2024-03-12 14:54:36,824 [Worker-13: Launching mavenrun-ebe31c9e-43dc-439f-9de7-9fdb0d1c6b55] INFO  o.eclipse.m2e.core.internal.Bundles - 	Entry: C:\Users\ASUS\.p2\pool\plugins\org.eclipse.m2e.maven.runtime_3.9.400.20230826-0755\jars\aether-connector-okhttp-0.17.8.jar
2024-03-12 14:54:36,824 [Worker-13: Launching mavenrun-ebe31c9e-43dc-439f-9de7-9fdb0d1c6b55] INFO  o.eclipse.m2e.core.internal.Bundles - 	Entry: C:\Users\ASUS\.p2\pool\plugins\org.eclipse.m2e.maven.runtime_3.9.400.20230826-0755\jars\aopalliance-1.0.jar
2024-03-12 14:54:36,825 [Worker-13: Launching mavenrun-ebe31c9e-43dc-439f-9de7-9fdb0d1c6b55] INFO  o.eclipse.m2e.core.internal.Bundles - 	Entry: C:\Users\ASUS\.p2\pool\plugins\org.eclipse.m2e.maven.runtime_3.9.400.20230826-0755\jars\commons-lang3-3.12.0.jar
2024-03-12 14:54:36,825 [Worker-13: Launching mavenrun-ebe31c9e-43dc-439f-9de7-9fdb0d1c6b55] INFO  o.eclipse.m2e.core.internal.Bundles - 	Entry: C:\Users\ASUS\.p2\pool\plugins\org.eclipse.m2e.maven.runtime_3.9.400.20230826-0755\jars\guice-5.1.0.jar
2024-03-12 14:54:36,825 [Worker-13: Launching mavenrun-ebe31c9e-43dc-439f-9de7-9fdb0d1c6b55] INFO  o.eclipse.m2e.core.internal.Bundles - 	Entry: C:\Users\ASUS\.p2\pool\plugins\org.eclipse.m2e.maven.runtime_3.9.400.20230826-0755\jars\jansi-2.4.0.jar
2024-03-12 14:54:36,825 [Worker-13: Launching mavenrun-ebe31c9e-43dc-439f-9de7-9fdb0d1c6b55] INFO  o.eclipse.m2e.core.internal.Bundles - 	Entry: C:\Users\ASUS\.p2\pool\plugins\org.eclipse.m2e.maven.runtime_3.9.400.20230826-0755\jars\maven-artifact-3.9.4.jar
2024-03-12 14:54:36,825 [Worker-13: Launching mavenrun-ebe31c9e-43dc-439f-9de7-9fdb0d1c6b55] INFO  o.eclipse.m2e.core.internal.Bundles - 	Entry: C:\Users\ASUS\.p2\pool\plugins\org.eclipse.m2e.maven.runtime_3.9.400.20230826-0755\jars\maven-builder-support-3.9.4.jar
2024-03-12 14:54:36,825 [Worker-13: Launching mavenrun-ebe31c9e-43dc-439f-9de7-9fdb0d1c6b55] INFO  o.eclipse.m2e.core.internal.Bundles - 	Entry: C:\Users\ASUS\.p2\pool\plugins\org.eclipse.m2e.maven.runtime_3.9.400.20230826-0755\jars\maven-compat-3.9.4.jar
2024-03-12 14:54:36,826 [Worker-13: Launching mavenrun-ebe31c9e-43dc-439f-9de7-9fdb0d1c6b55] INFO  o.eclipse.m2e.core.internal.Bundles - 	Entry: C:\Users\ASUS\.p2\pool\plugins\org.eclipse.m2e.maven.runtime_3.9.400.20230826-0755\jars\maven-core-3.9.4.jar
2024-03-12 14:54:36,826 [Worker-13: Launching mavenrun-ebe31c9e-43dc-439f-9de7-9fdb0d1c6b55] INFO  o.eclipse.m2e.core.internal.Bundles - 	Entry: C:\Users\ASUS\.p2\pool\plugins\org.eclipse.m2e.maven.runtime_3.9.400.20230826-0755\jars\maven-embedder-3.9.4.jar
2024-03-12 14:54:36,826 [Worker-13: Launching mavenrun-ebe31c9e-43dc-439f-9de7-9fdb0d1c6b55] INFO  o.eclipse.m2e.core.internal.Bundles - 	Entry: C:\Users\ASUS\.p2\pool\plugins\org.eclipse.m2e.maven.runtime_3.9.400.20230826-0755\jars\maven-model-3.9.4.jar
2024-03-12 14:54:36,826 [Worker-13: Launching mavenrun-ebe31c9e-43dc-439f-9de7-9fdb0d1c6b55] INFO  o.eclipse.m2e.core.internal.Bundles - 	Entry: C:\Users\ASUS\.p2\pool\plugins\org.eclipse.m2e.maven.runtime_3.9.400.20230826-0755\jars\maven-model-builder-3.9.4.jar
2024-03-12 14:54:36,826 [Worker-13: Launching mavenrun-ebe31c9e-43dc-439f-9de7-9fdb0d1c6b55] INFO  o.eclipse.m2e.core.internal.Bundles - 	Entry: C:\Users\ASUS\.p2\pool\plugins\org.eclipse.m2e.maven.runtime_3.9.400.20230826-0755\jars\maven-plugin-api-3.9.4.jar
2024-03-12 14:54:36,826 [Worker-13: Launching mavenrun-ebe31c9e-43dc-439f-9de7-9fdb0d1c6b55] INFO  o.eclipse.m2e.core.internal.Bundles - 	Entry: C:\Users\ASUS\.p2\pool\plugins\org.eclipse.m2e.maven.runtime_3.9.400.20230826-0755\jars\maven-repository-metadata-3.9.4.jar
2024-03-12 14:54:36,827 [Worker-13: Launching mavenrun-ebe31c9e-43dc-439f-9de7-9fdb0d1c6b55] INFO  o.eclipse.m2e.core.internal.Bundles - 	Entry: C:\Users\ASUS\.p2\pool\plugins\org.eclipse.m2e.maven.runtime_3.9.400.20230826-0755\jars\maven-resolver-api-1.9.14.jar
2024-03-12 14:54:36,827 [Worker-13: Launching mavenrun-ebe31c9e-43dc-439f-9de7-9fdb0d1c6b55] INFO  o.eclipse.m2e.core.internal.Bundles - 	Entry: C:\Users\ASUS\.p2\pool\plugins\org.eclipse.m2e.maven.runtime_3.9.400.20230826-0755\jars\maven-resolver-connector-basic-1.9.14.jar
2024-03-12 14:54:36,827 [Worker-13: Launching mavenrun-ebe31c9e-43dc-439f-9de7-9fdb0d1c6b55] INFO  o.eclipse.m2e.core.internal.Bundles - 	Entry: C:\Users\ASUS\.p2\pool\plugins\org.eclipse.m2e.maven.runtime_3.9.400.20230826-0755\jars\maven-resolver-impl-1.9.14.jar
2024-03-12 14:54:36,827 [Worker-13: Launching mavenrun-ebe31c9e-43dc-439f-9de7-9fdb0d1c6b55] INFO  o.eclipse.m2e.core.internal.Bundles - 	Entry: C:\Users\ASUS\.p2\pool\plugins\org.eclipse.m2e.maven.runtime_3.9.400.20230826-0755\jars\maven-resolver-named-locks-1.9.14.jar
2024-03-12 14:54:36,827 [Worker-13: Launching mavenrun-ebe31c9e-43dc-439f-9de7-9fdb0d1c6b55] INFO  o.eclipse.m2e.core.internal.Bundles - 	Entry: C:\Users\ASUS\.p2\pool\plugins\org.eclipse.m2e.maven.runtime_3.9.400.20230826-0755\jars\maven-resolver-provider-3.9.4.jar
2024-03-12 14:54:36,827 [Worker-13: Launching mavenrun-ebe31c9e-43dc-439f-9de7-9fdb0d1c6b55] INFO  o.eclipse.m2e.core.internal.Bundles - 	Entry: C:\Users\ASUS\.p2\pool\plugins\org.eclipse.m2e.maven.runtime_3.9.400.20230826-0755\jars\maven-resolver-spi-1.9.14.jar
2024-03-12 14:54:36,828 [Worker-13: Launching mavenrun-ebe31c9e-43dc-439f-9de7-9fdb0d1c6b55] INFO  o.eclipse.m2e.core.internal.Bundles - 	Entry: C:\Users\ASUS\.p2\pool\plugins\org.eclipse.m2e.maven.runtime_3.9.400.20230826-0755\jars\maven-resolver-transport-wagon-1.9.14.jar
2024-03-12 14:54:36,828 [Worker-13: Launching mavenrun-ebe31c9e-43dc-439f-9de7-9fdb0d1c6b55] INFO  o.eclipse.m2e.core.internal.Bundles - 	Entry: C:\Users\ASUS\.p2\pool\plugins\org.eclipse.m2e.maven.runtime_3.9.400.20230826-0755\jars\maven-resolver-util-1.9.14.jar
2024-03-12 14:54:36,828 [Worker-13: Launching mavenrun-ebe31c9e-43dc-439f-9de7-9fdb0d1c6b55] INFO  o.eclipse.m2e.core.internal.Bundles - 	Entry: C:\Users\ASUS\.p2\pool\plugins\org.eclipse.m2e.maven.runtime_3.9.400.20230826-0755\jars\maven-settings-3.9.4.jar
2024-03-12 14:54:36,829 [Worker-13: Launching mavenrun-ebe31c9e-43dc-439f-9de7-9fdb0d1c6b55] INFO  o.eclipse.m2e.core.internal.Bundles - 	Entry: C:\Users\ASUS\.p2\pool\plugins\org.eclipse.m2e.maven.runtime_3.9.400.20230826-0755\jars\maven-settings-builder-3.9.4.jar
2024-03-12 14:54:36,829 [Worker-13: Launching mavenrun-ebe31c9e-43dc-439f-9de7-9fdb0d1c6b55] INFO  o.eclipse.m2e.core.internal.Bundles - 	Entry: C:\Users\ASUS\.p2\pool\plugins\org.eclipse.m2e.maven.runtime_3.9.400.20230826-0755\jars\maven-shared-utils-3.3.4.jar
2024-03-12 14:54:36,829 [Worker-13: Launching mavenrun-ebe31c9e-43dc-439f-9de7-9fdb0d1c6b55] INFO  o.eclipse.m2e.core.internal.Bundles - 	Entry: C:\Users\ASUS\.p2\pool\plugins\org.eclipse.m2e.maven.runtime_3.9.400.20230826-0755\jars\okhttp-3.14.1.jar
2024-03-12 14:54:36,829 [Worker-13: Launching mavenrun-ebe31c9e-43dc-439f-9de7-9fdb0d1c6b55] INFO  o.eclipse.m2e.core.internal.Bundles - 	Entry: C:\Users\ASUS\.p2\pool\plugins\org.eclipse.m2e.maven.runtime_3.9.400.20230826-0755\jars\okio-1.17.3.jar
2024-03-12 14:54:36,829 [Worker-13: Launching mavenrun-ebe31c9e-43dc-439f-9de7-9fdb0d1c6b55] INFO  o.eclipse.m2e.core.internal.Bundles - 	Entry: C:\Users\ASUS\.p2\pool\plugins\org.eclipse.m2e.maven.runtime_3.9.400.20230826-0755\jars\org.eclipse.sisu.inject-0.3.5.jar
2024-03-12 14:54:36,829 [Worker-13: Launching mavenrun-ebe31c9e-43dc-439f-9de7-9fdb0d1c6b55] INFO  o.eclipse.m2e.core.internal.Bundles - 	Entry: C:\Users\ASUS\.p2\pool\plugins\org.eclipse.m2e.maven.runtime_3.9.400.20230826-0755\jars\org.eclipse.sisu.plexus-0.3.5.jar
2024-03-12 14:54:36,830 [Worker-13: Launching mavenrun-ebe31c9e-43dc-439f-9de7-9fdb0d1c6b55] INFO  o.eclipse.m2e.core.internal.Bundles - 	Entry: C:\Users\ASUS\.p2\pool\plugins\org.eclipse.m2e.maven.runtime_3.9.400.20230826-0755\jars\plexus-build-api-0.0.7.jar
2024-03-12 14:54:36,830 [Worker-13: Launching mavenrun-ebe31c9e-43dc-439f-9de7-9fdb0d1c6b55] INFO  o.eclipse.m2e.core.internal.Bundles - 	Entry: C:\Users\ASUS\.p2\pool\plugins\org.eclipse.m2e.maven.runtime_3.9.400.20230826-0755\jars\plexus-cipher-2.0.jar
2024-03-12 14:54:36,830 [Worker-13: Launching mavenrun-ebe31c9e-43dc-439f-9de7-9fdb0d1c6b55] INFO  o.eclipse.m2e.core.internal.Bundles - 	Entry: C:\Users\ASUS\.p2\pool\plugins\org.eclipse.m2e.maven.runtime_3.9.400.20230826-0755\jars\plexus-classworlds-2.7.0.jar
2024-03-12 14:54:36,830 [Worker-13: Launching mavenrun-ebe31c9e-43dc-439f-9de7-9fdb0d1c6b55] INFO  o.eclipse.m2e.core.internal.Bundles - 	Entry: C:\Users\ASUS\.p2\pool\plugins\org.eclipse.m2e.maven.runtime_3.9.400.20230826-0755\jars\plexus-component-annotations-2.1.0.jar
2024-03-12 14:54:36,830 [Worker-13: Launching mavenrun-ebe31c9e-43dc-439f-9de7-9fdb0d1c6b55] INFO  o.eclipse.m2e.core.internal.Bundles - 	Entry: C:\Users\ASUS\.p2\pool\plugins\org.eclipse.m2e.maven.runtime_3.9.400.20230826-0755\jars\plexus-interpolation-1.26.jar
2024-03-12 14:54:36,831 [Worker-13: Launching mavenrun-ebe31c9e-43dc-439f-9de7-9fdb0d1c6b55] INFO  o.eclipse.m2e.core.internal.Bundles - 	Entry: C:\Users\ASUS\.p2\pool\plugins\org.eclipse.m2e.maven.runtime_3.9.400.20230826-0755\jars\plexus-sec-dispatcher-2.0.jar
2024-03-12 14:54:36,831 [Worker-13: Launching mavenrun-ebe31c9e-43dc-439f-9de7-9fdb0d1c6b55] INFO  o.eclipse.m2e.core.internal.Bundles - 	Entry: C:\Users\ASUS\.p2\pool\plugins\org.eclipse.m2e.maven.runtime_3.9.400.20230826-0755\jars\plexus-utils-3.5.1.jar
2024-03-12 14:54:36,831 [Worker-13: Launching mavenrun-ebe31c9e-43dc-439f-9de7-9fdb0d1c6b55] INFO  o.eclipse.m2e.core.internal.Bundles - 	Entry: C:\Users\ASUS\.p2\pool\plugins\org.eclipse.m2e.maven.runtime_3.9.400.20230826-0755\jars\wagon-file-3.5.3.jar
2024-03-12 14:54:36,831 [Worker-13: Launching mavenrun-ebe31c9e-43dc-439f-9de7-9fdb0d1c6b55] INFO  o.eclipse.m2e.core.internal.Bundles - 	Entry: C:\Users\ASUS\.p2\pool\plugins\org.eclipse.m2e.maven.runtime_3.9.400.20230826-0755\jars\wagon-provider-api-3.5.3.jar
2024-03-12 14:54:36,835 [Worker-13: Launching mavenrun-ebe31c9e-43dc-439f-9de7-9fdb0d1c6b55] INFO  o.eclipse.m2e.core.internal.Bundles - getClasspathEntries(Bundle=com.google.guava_32.1.2.jre [10])
2024-03-12 14:54:36,835 [Worker-13: Launching mavenrun-ebe31c9e-43dc-439f-9de7-9fdb0d1c6b55] INFO  o.eclipse.m2e.core.internal.Bundles - 	Entry: C:\Users\ASUS\.p2\pool\plugins\com.google.guava_32.1.2.jre.jar
2024-03-12 14:54:36,835 [Worker-13: Launching mavenrun-ebe31c9e-43dc-439f-9de7-9fdb0d1c6b55] INFO  o.eclipse.m2e.core.internal.Bundles - getClasspathEntries(Bundle=slf4j.api_2.0.12 [558])
2024-03-12 14:54:36,835 [Worker-13: Launching mavenrun-ebe31c9e-43dc-439f-9de7-9fdb0d1c6b55] INFO  o.eclipse.m2e.core.internal.Bundles - 	Entry: C:\Users\ASUS\.p2\pool\plugins\slf4j.api_2.0.12.jar
2024-03-12 14:54:36,835 [Worker-13: Launching mavenrun-ebe31c9e-43dc-439f-9de7-9fdb0d1c6b55] INFO  o.eclipse.m2e.core.internal.Bundles - getClasspathEntries(Bundle=javax.inject_1.0.0.v20220405-0441 [26])
2024-03-12 14:54:36,835 [Worker-13: Launching mavenrun-ebe31c9e-43dc-439f-9de7-9fdb0d1c6b55] INFO  o.eclipse.m2e.core.internal.Bundles - 	Entry: C:\Users\ASUS\.p2\pool\plugins\javax.inject_1.0.0.v20220405-0441.jar
2024-03-12 14:54:36,835 [Worker-13: Launching mavenrun-ebe31c9e-43dc-439f-9de7-9fdb0d1c6b55] INFO  o.eclipse.m2e.core.internal.Bundles - getClasspathEntries(Bundle=javax.annotation_1.3.5.v20200909-1856 [24])
2024-03-12 14:54:36,835 [Worker-13: Launching mavenrun-ebe31c9e-43dc-439f-9de7-9fdb0d1c6b55] INFO  o.eclipse.m2e.core.internal.Bundles - 	Entry: C:\Users\ASUS\.p2\pool\plugins\javax.annotation_1.3.5.v20200909-1856.jar
2024-03-12 14:54:36,836 [Worker-13: Launching mavenrun-ebe31c9e-43dc-439f-9de7-9fdb0d1c6b55] INFO  o.eclipse.m2e.core.internal.Bundles - getClasspathEntries(Bundle=org.apache.commons.cli_1.5.0 [49])
2024-03-12 14:54:36,836 [Worker-13: Launching mavenrun-ebe31c9e-43dc-439f-9de7-9fdb0d1c6b55] INFO  o.eclipse.m2e.core.internal.Bundles - 	Entry: C:\Users\ASUS\.p2\pool\plugins\org.apache.commons.cli_1.5.0.jar
2024-03-12 14:54:36,836 [Worker-13: Launching mavenrun-ebe31c9e-43dc-439f-9de7-9fdb0d1c6b55] INFO  o.eclipse.m2e.core.internal.Bundles - getClasspathEntries(Bundle=com.google.guava.failureaccess_1.0.1 [12])
2024-03-12 14:54:36,836 [Worker-13: Launching mavenrun-ebe31c9e-43dc-439f-9de7-9fdb0d1c6b55] INFO  o.eclipse.m2e.core.internal.Bundles - 	Entry: C:\Users\ASUS\.p2\pool\plugins\com.google.guava.failureaccess_1.0.1.jar
2024-03-12 14:54:36,844 [Worker-13: Launching mavenrun-ebe31c9e-43dc-439f-9de7-9fdb0d1c6b55] INFO  o.e.m.i.launch.MavenLaunchDelegate - Run build in "C:\Users\ASUS\AppData\Local\Temp\m2e-archetypeGenerator15778193175489883918":
2024-03-12 14:54:36,847 [Worker-13: Launching mavenrun-ebe31c9e-43dc-439f-9de7-9fdb0d1c6b55] INFO  o.e.m.i.launch.MavenLaunchDelegate -  mvn  -DarchetypeGroupId=org.apache.maven.archetypes -DarchetypeArtifactId=maven-archetype-quickstart -DarchetypeVersion=1.1 -DgroupId=SeleniumPractice -DartifactId=SeleniumPractice -Dversion=0.0.1-SNAPSHOT -Dpackage=SeleniumPractice.SeleniumPractice -DoutputDirectory=C:\Users\ASUS\Desktop\CS_SeleniumExercises -Dstyle.color=always -U archetype:generate
2024-03-12 14:54:48,643 [Worker-8: Creating maven-archetype-quickstart] INFO  o.e.m.c.i.p.ProjectConfigurationManager - Collecting project info '/pom.xml' C:\Users\ASUS\Desktop\CS_SeleniumExercises\SeleniumPractice\pom.xml
2024-03-12 14:54:49,146 [Worker-8: Creating maven-archetype-quickstart] INFO  o.e.m.c.i.l.LifecycleMappingFactory - Using org.eclipse.m2e.jdt.JarLifecycleMapping lifecycle mapping for MavenProject: SeleniumPractice:SeleniumPractice:0.0.1-SNAPSHOT @ C:\Users\ASUS\Desktop\CS_SeleniumExercises\SeleniumPractice\pom.xml.
2024-03-12 14:54:49,906 [Worker-8: Creating maven-archetype-quickstart] INFO  o.e.m.j.i.AbstractJavaProjectConfigurator - Adding source folder /SeleniumPractice/src/main/java
2024-03-12 14:54:49,906 [Worker-8: Creating maven-archetype-quickstart] INFO  o.e.m.j.i.AbstractJavaProjectConfigurator - Adding resource folder /SeleniumPractice/src/main/resources
2024-03-12 14:54:49,913 [Worker-8: Creating maven-archetype-quickstart] INFO  o.e.m.j.i.AbstractJavaProjectConfigurator - Adding source folder /SeleniumPractice/src/test/java
2024-03-12 14:54:49,914 [Worker-8: Creating maven-archetype-quickstart] INFO  o.e.m.j.i.AbstractJavaProjectConfigurator - Adding resource folder /SeleniumPractice/src/test/resources
2024-03-12 14:54:49,916 [Worker-8: Creating maven-archetype-quickstart] ERROR o.e.m.j.i.AbstractJavaProjectConfigurator - Failed to find a compatible VM for environment id 'JavaSE-1.8', falling back to workspace default
2024-03-12 14:54:50,004 [Worker-8: Creating maven-archetype-quickstart] INFO  o.e.m.c.i.p.ProjectConfigurationManager - Imported and configured 1 project(s) in 1 sec
2024-03-12 14:54:50,860 [Worker-15: Building] INFO  o.a.m.s.f.DefaultMavenResourcesFiltering - skip non existing resourceDirectory C:\Users\ASUS\Desktop\CS_SeleniumExercises\SeleniumPractice\src\main\resources
2024-03-12 14:54:50,864 [Worker-15: Building] INFO  o.a.m.s.f.DefaultMavenResourcesFiltering - skip non existing resourceDirectory C:\Users\ASUS\Desktop\CS_SeleniumExercises\SeleniumPractice\src\test\resources
2024-03-12 15:00:09,043 [Worker-27: Building] INFO  o.e.m.c.i.l.LifecycleMappingFactory - Using org.eclipse.m2e.jdt.JarLifecycleMapping lifecycle mapping for MavenProject: SeleniumPractice:SeleniumPractice:0.0.1-SNAPSHOT @ C:\Users\ASUS\Desktop\CS_SeleniumExercises\SeleniumPractice\pom.xml.
2024-03-12 15:00:09,548 [Worker-27: Building] INFO  o.a.m.s.f.DefaultMavenResourcesFiltering - skip non existing resourceDirectory C:\Users\ASUS\Desktop\CS_SeleniumExercises\SeleniumPractice\src\main\resources
2024-03-12 15:00:09,552 [Worker-27: Building] INFO  o.a.m.s.f.DefaultMavenResourcesFiltering - skip non existing resourceDirectory C:\Users\ASUS\Desktop\CS_SeleniumExercises\SeleniumPractice\src\test\resources
2024-03-12 15:01:07,086 [Worker-33: Building] INFO  o.a.m.s.f.DefaultMavenResourcesFiltering - skip non existing resourceDirectory C:\Users\ASUS\Desktop\CS_SeleniumExercises\SeleniumPractice\src\main\resources
2024-03-12 15:01:07,089 [Worker-33: Building] INFO  o.a.m.s.f.DefaultMavenResourcesFiltering - skip non existing resourceDirectory C:\Users\ASUS\Desktop\CS_SeleniumExercises\SeleniumPractice\src\test\resources
2024-03-12 15:39:35,562 [Worker-1: Launching OrangeHRM] INFO  o.a.m.s.f.DefaultMavenResourcesFiltering - skip non existing resourceDirectory C:\Users\ASUS\Desktop\CS_SeleniumExercises\SeleniumPractice\src\main\resources
2024-03-12 15:39:35,572 [Worker-1: Launching OrangeHRM] INFO  o.a.m.s.f.DefaultMavenResourcesFiltering - skip non existing resourceDirectory C:\Users\ASUS\Desktop\CS_SeleniumExercises\SeleniumPractice\src\test\resources
2024-03-12 15:39:57,043 [Worker-42: Building] INFO  o.a.m.s.f.DefaultMavenResourcesFiltering - skip non existing resourceDirectory C:\Users\ASUS\Desktop\CS_SeleniumExercises\SeleniumPractice\src\main\resources
2024-03-12 15:39:57,045 [Worker-42: Building] INFO  o.a.m.s.f.DefaultMavenResourcesFiltering - skip non existing resourceDirectory C:\Users\ASUS\Desktop\CS_SeleniumExercises\SeleniumPractice\src\test\resources
2024-03-12 15:47:06,707 [Worker-3: Loading available Gradle versions] INFO  o.e.b.c.i.u.g.PublishedGradleVersions - Gradle version information cache is up-to-date. Trying to read.
2024-03-12 15:47:56,075 [Worker-1: Loading available Gradle versions] INFO  o.e.b.c.i.u.g.PublishedGradleVersions - Gradle version information cache is up-to-date. Trying to read.
2024-03-12 16:05:50,760 [Worker-23: Launching OrangeHRM] INFO  o.a.m.s.f.DefaultMavenResourcesFiltering - skip non existing resourceDirectory C:\Users\ASUS\Desktop\CS_SeleniumExercises\SeleniumPractice\src\main\resources
2024-03-12 16:05:50,766 [Worker-23: Launching OrangeHRM] INFO  o.a.m.s.f.DefaultMavenResourcesFiltering - skip non existing resourceDirectory C:\Users\ASUS\Desktop\CS_SeleniumExercises\SeleniumPractice\src\test\resources
2024-03-12 16:07:17,230 [Worker-24: Launching OrangeHRM] INFO  o.a.m.s.f.DefaultMavenResourcesFiltering - skip non existing resourceDirectory C:\Users\ASUS\Desktop\CS_SeleniumExercises\SeleniumPractice\src\main\resources
2024-03-12 16:07:17,233 [Worker-24: Launching OrangeHRM] INFO  o.a.m.s.f.DefaultMavenResourcesFiltering - skip non existing resourceDirectory C:\Users\ASUS\Desktop\CS_SeleniumExercises\SeleniumPractice\src\test\resources
2024-03-12 16:07:48,934 [Worker-24: Launching OrangeHRM] INFO  o.a.m.s.f.DefaultMavenResourcesFiltering - skip non existing resourceDirectory C:\Users\ASUS\Desktop\CS_SeleniumExercises\SeleniumPractice\src\main\resources
2024-03-12 16:07:48,960 [Worker-24: Launching OrangeHRM] INFO  o.a.m.s.f.DefaultMavenResourcesFiltering - skip non existing resourceDirectory C:\Users\ASUS\Desktop\CS_SeleniumExercises\SeleniumPractice\src\test\resources
2024-03-12 16:11:12,512 [Worker-24: Launching OrangeHRM] INFO  o.a.m.s.f.DefaultMavenResourcesFiltering - skip non existing resourceDirectory C:\Users\ASUS\Desktop\CS_SeleniumExercises\SeleniumPractice\src\main\resources
2024-03-12 16:11:12,517 [Worker-24: Launching OrangeHRM] INFO  o.a.m.s.f.DefaultMavenResourcesFiltering - skip non existing resourceDirectory C:\Users\ASUS\Desktop\CS_SeleniumExercises\SeleniumPractice\src\test\resources
2024-03-12 16:11:51,526 [Worker-0: Loading available Gradle versions] INFO  o.e.b.c.i.u.g.PublishedGradleVersions - Gradle version information cache is up-to-date. Trying to read.
2024-03-12 16:16:36,676 [Worker-4: Loading available Gradle versions] INFO  o.e.b.c.i.u.g.PublishedGradleVersions - Gradle version information cache is up-to-date. Trying to read.
2024-03-12 16:24:49,780 [Worker-22: Launching OrangeHRM] INFO  o.a.m.s.f.DefaultMavenResourcesFiltering - skip non existing resourceDirectory C:\Users\ASUS\Desktop\CS_SeleniumExercises\SeleniumPractice\src\main\resources
2024-03-12 16:24:49,786 [Worker-22: Launching OrangeHRM] INFO  o.a.m.s.f.DefaultMavenResourcesFiltering - skip non existing resourceDirectory C:\Users\ASUS\Desktop\CS_SeleniumExercises\SeleniumPractice\src\test\resources
2024-03-12 16:26:25,615 [Worker-22: Launching OrangeHRM] INFO  o.a.m.s.f.DefaultMavenResourcesFiltering - skip non existing resourceDirectory C:\Users\ASUS\Desktop\CS_SeleniumExercises\SeleniumPractice\src\main\resources
2024-03-12 16:26:25,619 [Worker-22: Launching OrangeHRM] INFO  o.a.m.s.f.DefaultMavenResourcesFiltering - skip non existing resourceDirectory C:\Users\ASUS\Desktop\CS_SeleniumExercises\SeleniumPractice\src\test\resources
2024-03-12 16:33:58,765 [Worker-12: Launching OrangeHRM] INFO  o.a.m.s.f.DefaultMavenResourcesFiltering - skip non existing resourceDirectory C:\Users\ASUS\Desktop\CS_SeleniumExercises\SeleniumPractice\src\main\resources
2024-03-12 16:33:58,767 [Worker-12: Launching OrangeHRM] INFO  o.a.m.s.f.DefaultMavenResourcesFiltering - skip non existing resourceDirectory C:\Users\ASUS\Desktop\CS_SeleniumExercises\SeleniumPractice\src\test\resources
2024-03-12 16:35:15,729 [Worker-27: Launching OrangeHRM] INFO  o.a.m.s.f.DefaultMavenResourcesFiltering - skip non existing resourceDirectory C:\Users\ASUS\Desktop\CS_SeleniumExercises\SeleniumPractice\src\main\resources
2024-03-12 16:35:15,732 [Worker-27: Launching OrangeHRM] INFO  o.a.m.s.f.DefaultMavenResourcesFiltering - skip non existing resourceDirectory C:\Users\ASUS\Desktop\CS_SeleniumExercises\SeleniumPractice\src\test\resources
2024-03-12 16:35:51,855 [Worker-28: Launching OrangeHRM] INFO  o.a.m.s.f.DefaultMavenResourcesFiltering - skip non existing resourceDirectory C:\Users\ASUS\Desktop\CS_SeleniumExercises\SeleniumPractice\src\main\resources
2024-03-12 16:35:51,857 [Worker-28: Launching OrangeHRM] INFO  o.a.m.s.f.DefaultMavenResourcesFiltering - skip non existing resourceDirectory C:\Users\ASUS\Desktop\CS_SeleniumExercises\SeleniumPractice\src\test\resources
2024-03-12 16:42:06,364 [Worker-25: Launching OrangeHRM] INFO  o.a.m.s.f.DefaultMavenResourcesFiltering - skip non existing resourceDirectory C:\Users\ASUS\Desktop\CS_SeleniumExercises\SeleniumPractice\src\main\resources
2024-03-12 16:42:06,368 [Worker-25: Launching OrangeHRM] INFO  o.a.m.s.f.DefaultMavenResourcesFiltering - skip non existing resourceDirectory C:\Users\ASUS\Desktop\CS_SeleniumExercises\SeleniumPractice\src\test\resources
2024-03-12 16:53:52,246 [Worker-12: Launching OrangeHRM] INFO  o.a.m.s.f.DefaultMavenResourcesFiltering - skip non existing resourceDirectory C:\Users\ASUS\Desktop\CS_SeleniumExercises\SeleniumPractice\src\main\resources
2024-03-12 16:53:52,248 [Worker-12: Launching OrangeHRM] INFO  o.a.m.s.f.DefaultMavenResourcesFiltering - skip non existing resourceDirectory C:\Users\ASUS\Desktop\CS_SeleniumExercises\SeleniumPractice\src\test\resources
2024-03-12 16:55:48,102 [Worker-26: Launching OrangeHRM] INFO  o.a.m.s.f.DefaultMavenResourcesFiltering - skip non existing resourceDirectory C:\Users\ASUS\Desktop\CS_SeleniumExercises\SeleniumPractice\src\main\resources
2024-03-12 16:55:48,104 [Worker-26: Launching OrangeHRM] INFO  o.a.m.s.f.DefaultMavenResourcesFiltering - skip non existing resourceDirectory C:\Users\ASUS\Desktop\CS_SeleniumExercises\SeleniumPractice\src\test\resources
2024-03-12 17:20:39,422 [Worker-33: Launching OrangeHRM] INFO  o.a.m.s.f.DefaultMavenResourcesFiltering - skip non existing resourceDirectory C:\Users\ASUS\Desktop\CS_SeleniumExercises\SeleniumPractice\src\main\resources
2024-03-12 17:20:39,424 [Worker-33: Launching OrangeHRM] INFO  o.a.m.s.f.DefaultMavenResourcesFiltering - skip non existing resourceDirectory C:\Users\ASUS\Desktop\CS_SeleniumExercises\SeleniumPractice\src\test\resources
2024-03-12 17:22:10,558 [Worker-37: Launching OrangeHRM] INFO  o.a.m.s.f.DefaultMavenResourcesFiltering - skip non existing resourceDirectory C:\Users\ASUS\Desktop\CS_SeleniumExercises\SeleniumPractice\src\main\resources
2024-03-12 17:22:10,561 [Worker-37: Launching OrangeHRM] INFO  o.a.m.s.f.DefaultMavenResourcesFiltering - skip non existing resourceDirectory C:\Users\ASUS\Desktop\CS_SeleniumExercises\SeleniumPractice\src\test\resources
2024-03-12 17:23:25,247 [Worker-12: Launching OrangeHRM] INFO  o.a.m.s.f.DefaultMavenResourcesFiltering - skip non existing resourceDirectory C:\Users\ASUS\Desktop\CS_SeleniumExercises\SeleniumPractice\src\main\resources
2024-03-12 17:23:25,250 [Worker-12: Launching OrangeHRM] INFO  o.a.m.s.f.DefaultMavenResourcesFiltering - skip non existing resourceDirectory C:\Users\ASUS\Desktop\CS_SeleniumExercises\SeleniumPractice\src\test\resources
2024-03-12 17:26:47,586 [Worker-33: Launching OrangeHRM] INFO  o.a.m.s.f.DefaultMavenResourcesFiltering - skip non existing resourceDirectory C:\Users\ASUS\Desktop\CS_SeleniumExercises\SeleniumPractice\src\main\resources
2024-03-12 17:26:47,588 [Worker-33: Launching OrangeHRM] INFO  o.a.m.s.f.DefaultMavenResourcesFiltering - skip non existing resourceDirectory C:\Users\ASUS\Desktop\CS_SeleniumExercises\SeleniumPractice\src\test\resources
2024-03-12 17:28:57,092 [Worker-33: Launching OrangeHRM] INFO  o.a.m.s.f.DefaultMavenResourcesFiltering - skip non existing resourceDirectory C:\Users\ASUS\Desktop\CS_SeleniumExercises\SeleniumPractice\src\main\resources
2024-03-12 17:28:57,094 [Worker-33: Launching OrangeHRM] INFO  o.a.m.s.f.DefaultMavenResourcesFiltering - skip non existing resourceDirectory C:\Users\ASUS\Desktop\CS_SeleniumExercises\SeleniumPractice\src\test\resources
2024-03-12 17:41:09,650 [Worker-36: Launching OrangeHRM] INFO  o.a.m.s.f.DefaultMavenResourcesFiltering - skip non existing resourceDirectory C:\Users\ASUS\Desktop\CS_SeleniumExercises\SeleniumPractice\src\main\resources
2024-03-12 17:41:09,653 [Worker-36: Launching OrangeHRM] INFO  o.a.m.s.f.DefaultMavenResourcesFiltering - skip non existing resourceDirectory C:\Users\ASUS\Desktop\CS_SeleniumExercises\SeleniumPractice\src\test\resources
2024-03-12 17:42:15,009 [Worker-36: Launching OrangeHRM] INFO  o.a.m.s.f.DefaultMavenResourcesFiltering - skip non existing resourceDirectory C:\Users\ASUS\Desktop\CS_SeleniumExercises\SeleniumPractice\src\main\resources
2024-03-12 17:42:15,013 [Worker-36: Launching OrangeHRM] INFO  o.a.m.s.f.DefaultMavenResourcesFiltering - skip non existing resourceDirectory C:\Users\ASUS\Desktop\CS_SeleniumExercises\SeleniumPractice\src\test\resources
2024-03-13 10:51:07,453 [Worker-2: Loading available Gradle versions] INFO  o.e.b.c.i.u.g.PublishedGradleVersions - Gradle version information cache is up-to-date. Trying to read.
2024-03-13 10:51:53,969 [Worker-22: Building] INFO  o.a.m.s.f.DefaultMavenResourcesFiltering - skip non existing resourceDirectory C:\Users\ASUS\Desktop\CS_SeleniumExercises\SeleniumPractice\src\main\resources
2024-03-13 10:51:53,975 [Worker-22: Building] INFO  o.a.m.s.f.DefaultMavenResourcesFiltering - skip non existing resourceDirectory C:\Users\ASUS\Desktop\CS_SeleniumExercises\SeleniumPractice\src\test\resources
2024-03-13 10:52:26,694 [Worker-16: Building] INFO  o.a.m.s.f.DefaultMavenResourcesFiltering - skip non existing resourceDirectory C:\Users\ASUS\Desktop\CS_SeleniumExercises\SeleniumPractice\src\main\resources
2024-03-13 10:52:26,698 [Worker-16: Building] INFO  o.a.m.s.f.DefaultMavenResourcesFiltering - skip non existing resourceDirectory C:\Users\ASUS\Desktop\CS_SeleniumExercises\SeleniumPractice\src\test\resources
2024-03-13 12:40:58,880 [Worker-34: Building] INFO  o.a.m.s.f.DefaultMavenResourcesFiltering - skip non existing resourceDirectory C:\Users\ASUS\Desktop\CS_SeleniumExercises\SeleniumPractice\src\main\resources
2024-03-13 12:40:58,883 [Worker-34: Building] INFO  o.a.m.s.f.DefaultMavenResourcesFiltering - skip non existing resourceDirectory C:\Users\ASUS\Desktop\CS_SeleniumExercises\SeleniumPractice\src\test\resources
2024-03-13 12:42:30,845 [Worker-34: Building] INFO  o.a.m.s.f.DefaultMavenResourcesFiltering - skip non existing resourceDirectory C:\Users\ASUS\Desktop\CS_SeleniumExercises\SeleniumPractice\src\main\resources
2024-03-13 12:42:30,849 [Worker-34: Building] INFO  o.a.m.s.f.DefaultMavenResourcesFiltering - skip non existing resourceDirectory C:\Users\ASUS\Desktop\CS_SeleniumExercises\SeleniumPractice\src\test\resources
2024-03-13 12:52:19,369 [Worker-37: Launching OrangeHRM] INFO  o.a.m.s.f.DefaultMavenResourcesFiltering - skip non existing resourceDirectory C:\Users\ASUS\Desktop\CS_SeleniumExercises\SeleniumPractice\src\main\resources
2024-03-13 12:52:19,373 [Worker-37: Launching OrangeHRM] INFO  o.a.m.s.f.DefaultMavenResourcesFiltering - skip non existing resourceDirectory C:\Users\ASUS\Desktop\CS_SeleniumExercises\SeleniumPractice\src\test\resources
2024-03-13 12:56:18,408 [Worker-39: Launching OrangeHRM] INFO  o.a.m.s.f.DefaultMavenResourcesFiltering - skip non existing resourceDirectory C:\Users\ASUS\Desktop\CS_SeleniumExercises\SeleniumPractice\src\main\resources
2024-03-13 12:56:18,412 [Worker-39: Launching OrangeHRM] INFO  o.a.m.s.f.DefaultMavenResourcesFiltering - skip non existing resourceDirectory C:\Users\ASUS\Desktop\CS_SeleniumExercises\SeleniumPractice\src\test\resources
2024-03-13 12:57:24,636 [Worker-45: Launching OrangeHRM] INFO  o.a.m.s.f.DefaultMavenResourcesFiltering - skip non existing resourceDirectory C:\Users\ASUS\Desktop\CS_SeleniumExercises\SeleniumPractice\src\main\resources
2024-03-13 12:57:24,640 [Worker-45: Launching OrangeHRM] INFO  o.a.m.s.f.DefaultMavenResourcesFiltering - skip non existing resourceDirectory C:\Users\ASUS\Desktop\CS_SeleniumExercises\SeleniumPractice\src\test\resources
2024-03-13 13:02:15,390 [Worker-41: Building] INFO  o.a.m.s.f.DefaultMavenResourcesFiltering - skip non existing resourceDirectory C:\Users\ASUS\Desktop\CS_SeleniumExercises\SeleniumPractice\src\main\resources
2024-03-13 13:02:15,392 [Worker-41: Building] INFO  o.a.m.s.f.DefaultMavenResourcesFiltering - skip non existing resourceDirectory C:\Users\ASUS\Desktop\CS_SeleniumExercises\SeleniumPractice\src\test\resources
2024-03-13 13:03:25,261 [Worker-41: Building] INFO  o.a.m.s.f.DefaultMavenResourcesFiltering - skip non existing resourceDirectory C:\Users\ASUS\Desktop\CS_SeleniumExercises\SeleniumPractice\src\main\resources
2024-03-13 13:03:25,263 [Worker-41: Building] INFO  o.a.m.s.f.DefaultMavenResourcesFiltering - skip non existing resourceDirectory C:\Users\ASUS\Desktop\CS_SeleniumExercises\SeleniumPractice\src\test\resources
2024-03-13 14:35:05,345 [Worker-58: Launching OrangeHRM] INFO  o.a.m.s.f.DefaultMavenResourcesFiltering - skip non existing resourceDirectory C:\Users\ASUS\Desktop\CS_SeleniumExercises\SeleniumPractice\src\main\resources
2024-03-13 14:35:05,349 [Worker-58: Launching OrangeHRM] INFO  o.a.m.s.f.DefaultMavenResourcesFiltering - skip non existing resourceDirectory C:\Users\ASUS\Desktop\CS_SeleniumExercises\SeleniumPractice\src\test\resources
2024-03-13 14:46:04,352 [Worker-64: Building] INFO  o.a.m.s.f.DefaultMavenResourcesFiltering - skip non existing resourceDirectory C:\Users\ASUS\Desktop\CS_SeleniumExercises\SeleniumPractice\src\main\resources
2024-03-13 14:46:04,354 [Worker-64: Building] INFO  o.a.m.s.f.DefaultMavenResourcesFiltering - skip non existing resourceDirectory C:\Users\ASUS\Desktop\CS_SeleniumExercises\SeleniumPractice\src\test\resources
2024-03-13 14:47:25,102 [Worker-62: Building] INFO  o.a.m.s.f.DefaultMavenResourcesFiltering - skip non existing resourceDirectory C:\Users\ASUS\Desktop\CS_SeleniumExercises\SeleniumPractice\src\main\resources
2024-03-13 14:47:25,104 [Worker-62: Building] INFO  o.a.m.s.f.DefaultMavenResourcesFiltering - skip non existing resourceDirectory C:\Users\ASUS\Desktop\CS_SeleniumExercises\SeleniumPractice\src\test\resources
2024-03-13 14:49:19,589 [Worker-68: Launching OrangeHRM] INFO  o.a.m.s.f.DefaultMavenResourcesFiltering - skip non existing resourceDirectory C:\Users\ASUS\Desktop\CS_SeleniumExercises\SeleniumPractice\src\main\resources
2024-03-13 14:49:19,592 [Worker-68: Launching OrangeHRM] INFO  o.a.m.s.f.DefaultMavenResourcesFiltering - skip non existing resourceDirectory C:\Users\ASUS\Desktop\CS_SeleniumExercises\SeleniumPractice\src\test\resources
2024-03-13 14:50:15,381 [Worker-69: Launching OrangeHRM] INFO  o.a.m.s.f.DefaultMavenResourcesFiltering - skip non existing resourceDirectory C:\Users\ASUS\Desktop\CS_SeleniumExercises\SeleniumPractice\src\main\resources
2024-03-13 14:50:15,384 [Worker-69: Launching OrangeHRM] INFO  o.a.m.s.f.DefaultMavenResourcesFiltering - skip non existing resourceDirectory C:\Users\ASUS\Desktop\CS_SeleniumExercises\SeleniumPractice\src\test\resources
2024-03-13 14:51:03,889 [Worker-67: Building] INFO  o.a.m.s.f.DefaultMavenResourcesFiltering - skip non existing resourceDirectory C:\Users\ASUS\Desktop\CS_SeleniumExercises\SeleniumPractice\src\main\resources
2024-03-13 14:51:03,891 [Worker-67: Building] INFO  o.a.m.s.f.DefaultMavenResourcesFiltering - skip non existing resourceDirectory C:\Users\ASUS\Desktop\CS_SeleniumExercises\SeleniumPractice\src\test\resources
2024-03-13 15:52:44,900 [Worker-4: Loading available Gradle versions] INFO  o.e.b.c.i.u.g.PublishedGradleVersions - Gradle version information cache is out-of-date. Trying to update.
2024-03-13 15:53:04,051 [Worker-12: Building] INFO  o.a.m.s.f.DefaultMavenResourcesFiltering - skip non existing resourceDirectory C:\Users\ASUS\Desktop\CS_SeleniumExercises\SeleniumPractice\src\main\resources
2024-03-13 15:53:04,057 [Worker-12: Building] INFO  o.a.m.s.f.DefaultMavenResourcesFiltering - skip non existing resourceDirectory C:\Users\ASUS\Desktop\CS_SeleniumExercises\SeleniumPractice\src\test\resources
2024-03-13 15:55:33,864 [Worker-9: Building] INFO  o.a.m.s.f.DefaultMavenResourcesFiltering - skip non existing resourceDirectory C:\Users\ASUS\Desktop\CS_SeleniumExercises\SeleniumPractice\src\main\resources
2024-03-13 15:55:33,866 [Worker-9: Building] INFO  o.a.m.s.f.DefaultMavenResourcesFiltering - skip non existing resourceDirectory C:\Users\ASUS\Desktop\CS_SeleniumExercises\SeleniumPractice\src\test\resources
2024-03-13 15:56:12,283 [Worker-0: Launching AutomateColorPicker] INFO  o.a.m.s.f.DefaultMavenResourcesFiltering - skip non existing resourceDirectory C:\Users\ASUS\Desktop\CS_SeleniumExercises\SeleniumPractice\src\main\resources
2024-03-13 15:56:12,286 [Worker-0: Launching AutomateColorPicker] INFO  o.a.m.s.f.DefaultMavenResourcesFiltering - skip non existing resourceDirectory C:\Users\ASUS\Desktop\CS_SeleniumExercises\SeleniumPractice\src\test\resources
2024-03-13 15:57:21,160 [Worker-2: Launching AutomateColorPicker] INFO  o.a.m.s.f.DefaultMavenResourcesFiltering - skip non existing resourceDirectory C:\Users\ASUS\Desktop\CS_SeleniumExercises\SeleniumPractice\src\main\resources
2024-03-13 15:57:21,162 [Worker-2: Launching AutomateColorPicker] INFO  o.a.m.s.f.DefaultMavenResourcesFiltering - skip non existing resourceDirectory C:\Users\ASUS\Desktop\CS_SeleniumExercises\SeleniumPractice\src\test\resources
2024-03-13 15:57:44,543 [Worker-2: Launching AutomateColorPicker] INFO  o.a.m.s.f.DefaultMavenResourcesFiltering - skip non existing resourceDirectory C:\Users\ASUS\Desktop\CS_SeleniumExercises\SeleniumPractice\src\main\resources
2024-03-13 15:57:44,546 [Worker-2: Launching AutomateColorPicker] INFO  o.a.m.s.f.DefaultMavenResourcesFiltering - skip non existing resourceDirectory C:\Users\ASUS\Desktop\CS_SeleniumExercises\SeleniumPractice\src\test\resources
2024-03-13 15:59:57,022 [Worker-20: Building] INFO  o.a.m.s.f.DefaultMavenResourcesFiltering - skip non existing resourceDirectory C:\Users\ASUS\Desktop\CS_SeleniumExercises\SeleniumPractice\src\main\resources
2024-03-13 15:59:57,024 [Worker-20: Building] INFO  o.a.m.s.f.DefaultMavenResourcesFiltering - skip non existing resourceDirectory C:\Users\ASUS\Desktop\CS_SeleniumExercises\SeleniumPractice\src\test\resources
2024-03-13 16:00:10,071 [Worker-20: Building] INFO  o.a.m.s.f.DefaultMavenResourcesFiltering - skip non existing resourceDirectory C:\Users\ASUS\Desktop\CS_SeleniumExercises\SeleniumPractice\src\main\resources
2024-03-13 16:00:10,074 [Worker-20: Building] INFO  o.a.m.s.f.DefaultMavenResourcesFiltering - skip non existing resourceDirectory C:\Users\ASUS\Desktop\CS_SeleniumExercises\SeleniumPractice\src\test\resources
2024-03-13 16:20:28,810 [Worker-23: Launching AutomateColorPicker] INFO  o.a.m.s.f.DefaultMavenResourcesFiltering - skip non existing resourceDirectory C:\Users\ASUS\Desktop\CS_SeleniumExercises\SeleniumPractice\src\main\resources
2024-03-13 16:20:28,813 [Worker-23: Launching AutomateColorPicker] INFO  o.a.m.s.f.DefaultMavenResourcesFiltering - skip non existing resourceDirectory C:\Users\ASUS\Desktop\CS_SeleniumExercises\SeleniumPractice\src\test\resources
2024-03-13 16:22:27,094 [Worker-32: Launching AutomateColorPicker] INFO  o.a.m.s.f.DefaultMavenResourcesFiltering - skip non existing resourceDirectory C:\Users\ASUS\Desktop\CS_SeleniumExercises\SeleniumPractice\src\main\resources
2024-03-13 16:22:27,096 [Worker-32: Launching AutomateColorPicker] INFO  o.a.m.s.f.DefaultMavenResourcesFiltering - skip non existing resourceDirectory C:\Users\ASUS\Desktop\CS_SeleniumExercises\SeleniumPractice\src\test\resources
2024-03-13 16:24:42,057 [Worker-33: Launching AutomateColorPicker] INFO  o.a.m.s.f.DefaultMavenResourcesFiltering - skip non existing resourceDirectory C:\Users\ASUS\Desktop\CS_SeleniumExercises\SeleniumPractice\src\main\resources
2024-03-13 16:24:42,059 [Worker-33: Launching AutomateColorPicker] INFO  o.a.m.s.f.DefaultMavenResourcesFiltering - skip non existing resourceDirectory C:\Users\ASUS\Desktop\CS_SeleniumExercises\SeleniumPractice\src\test\resources
2024-03-13 16:25:04,691 [Worker-29: Launching AutomateColorPicker] INFO  o.a.m.s.f.DefaultMavenResourcesFiltering - skip non existing resourceDirectory C:\Users\ASUS\Desktop\CS_SeleniumExercises\SeleniumPractice\src\main\resources
2024-03-13 16:25:04,694 [Worker-29: Launching AutomateColorPicker] INFO  o.a.m.s.f.DefaultMavenResourcesFiltering - skip non existing resourceDirectory C:\Users\ASUS\Desktop\CS_SeleniumExercises\SeleniumPractice\src\test\resources
2024-03-13 16:29:48,389 [Worker-34: Launching AutomateColorPicker] INFO  o.a.m.s.f.DefaultMavenResourcesFiltering - skip non existing resourceDirectory C:\Users\ASUS\Desktop\CS_SeleniumExercises\SeleniumPractice\src\main\resources
2024-03-13 16:29:48,392 [Worker-34: Launching AutomateColorPicker] INFO  o.a.m.s.f.DefaultMavenResourcesFiltering - skip non existing resourceDirectory C:\Users\ASUS\Desktop\CS_SeleniumExercises\SeleniumPractice\src\test\resources
2024-03-13 17:35:53,012 [Worker-49: Launching AutomateColorPicker] INFO  o.a.m.s.f.DefaultMavenResourcesFiltering - skip non existing resourceDirectory C:\Users\ASUS\Desktop\CS_SeleniumExercises\SeleniumPractice\src\main\resources
2024-03-13 17:35:53,014 [Worker-49: Launching AutomateColorPicker] INFO  o.a.m.s.f.DefaultMavenResourcesFiltering - skip non existing resourceDirectory C:\Users\ASUS\Desktop\CS_SeleniumExercises\SeleniumPractice\src\test\resources
2024-03-13 17:36:53,759 [Worker-51: Launching AutomateColorPicker] INFO  o.a.m.s.f.DefaultMavenResourcesFiltering - skip non existing resourceDirectory C:\Users\ASUS\Desktop\CS_SeleniumExercises\SeleniumPractice\src\main\resources
2024-03-13 17:36:53,761 [Worker-51: Launching AutomateColorPicker] INFO  o.a.m.s.f.DefaultMavenResourcesFiltering - skip non existing resourceDirectory C:\Users\ASUS\Desktop\CS_SeleniumExercises\SeleniumPractice\src\test\resources
2024-03-13 17:42:29,815 [Worker-51: Launching AutomateColorPicker] INFO  o.a.m.s.f.DefaultMavenResourcesFiltering - skip non existing resourceDirectory C:\Users\ASUS\Desktop\CS_SeleniumExercises\SeleniumPractice\src\main\resources
2024-03-13 17:42:29,819 [Worker-51: Launching AutomateColorPicker] INFO  o.a.m.s.f.DefaultMavenResourcesFiltering - skip non existing resourceDirectory C:\Users\ASUS\Desktop\CS_SeleniumExercises\SeleniumPractice\src\test\resources
2024-03-13 17:42:58,941 [Worker-54: Launching AutomateColorPicker] INFO  o.a.m.s.f.DefaultMavenResourcesFiltering - skip non existing resourceDirectory C:\Users\ASUS\Desktop\CS_SeleniumExercises\SeleniumPractice\src\main\resources
2024-03-13 17:42:58,943 [Worker-54: Launching AutomateColorPicker] INFO  o.a.m.s.f.DefaultMavenResourcesFiltering - skip non existing resourceDirectory C:\Users\ASUS\Desktop\CS_SeleniumExercises\SeleniumPractice\src\test\resources
2024-03-13 17:46:40,485 [Worker-51: Launching AutomateColorPicker] INFO  o.a.m.s.f.DefaultMavenResourcesFiltering - skip non existing resourceDirectory C:\Users\ASUS\Desktop\CS_SeleniumExercises\SeleniumPractice\src\main\resources
2024-03-13 17:46:40,487 [Worker-51: Launching AutomateColorPicker] INFO  o.a.m.s.f.DefaultMavenResourcesFiltering - skip non existing resourceDirectory C:\Users\ASUS\Desktop\CS_SeleniumExercises\SeleniumPractice\src\test\resources
2024-03-13 17:46:58,782 [Worker-58: Launching AutomateColorPicker] INFO  o.a.m.s.f.DefaultMavenResourcesFiltering - skip non existing resourceDirectory C:\Users\ASUS\Desktop\CS_SeleniumExercises\SeleniumPractice\src\main\resources
2024-03-13 17:46:58,784 [Worker-58: Launching AutomateColorPicker] INFO  o.a.m.s.f.DefaultMavenResourcesFiltering - skip non existing resourceDirectory C:\Users\ASUS\Desktop\CS_SeleniumExercises\SeleniumPractice\src\test\resources
2024-03-13 17:48:07,314 [Worker-55: Launching AutomateColorPicker] INFO  o.a.m.s.f.DefaultMavenResourcesFiltering - skip non existing resourceDirectory C:\Users\ASUS\Desktop\CS_SeleniumExercises\SeleniumPractice\src\main\resources
2024-03-13 17:48:07,317 [Worker-55: Launching AutomateColorPicker] INFO  o.a.m.s.f.DefaultMavenResourcesFiltering - skip non existing resourceDirectory C:\Users\ASUS\Desktop\CS_SeleniumExercises\SeleniumPractice\src\test\resources
2024-03-13 17:51:13,881 [Worker-57: Launching AutomateColorPicker] INFO  o.a.m.s.f.DefaultMavenResourcesFiltering - skip non existing resourceDirectory C:\Users\ASUS\Desktop\CS_SeleniumExercises\SeleniumPractice\src\main\resources
2024-03-13 17:51:13,883 [Worker-57: Launching AutomateColorPicker] INFO  o.a.m.s.f.DefaultMavenResourcesFiltering - skip non existing resourceDirectory C:\Users\ASUS\Desktop\CS_SeleniumExercises\SeleniumPractice\src\test\resources
2024-03-13 17:51:39,573 [Worker-60: Launching AutomateColorPicker] INFO  o.a.m.s.f.DefaultMavenResourcesFiltering - skip non existing resourceDirectory C:\Users\ASUS\Desktop\CS_SeleniumExercises\SeleniumPractice\src\main\resources
2024-03-13 17:51:39,577 [Worker-60: Launching AutomateColorPicker] INFO  o.a.m.s.f.DefaultMavenResourcesFiltering - skip non existing resourceDirectory C:\Users\ASUS\Desktop\CS_SeleniumExercises\SeleniumPractice\src\test\resources
2024-03-13 18:56:00,071 [Worker-75: Building] INFO  o.a.m.s.f.DefaultMavenResourcesFiltering - skip non existing resourceDirectory C:\Users\ASUS\Desktop\CS_SeleniumExercises\SeleniumPractice\src\main\resources
2024-03-13 18:56:00,073 [Worker-75: Building] INFO  o.a.m.s.f.DefaultMavenResourcesFiltering - skip non existing resourceDirectory C:\Users\ASUS\Desktop\CS_SeleniumExercises\SeleniumPractice\src\test\resources
2024-03-13 18:56:33,314 [Worker-77: Building] INFO  o.a.m.s.f.DefaultMavenResourcesFiltering - skip non existing resourceDirectory C:\Users\ASUS\Desktop\CS_SeleniumExercises\SeleniumPractice\src\main\resources
2024-03-13 18:56:33,316 [Worker-77: Building] INFO  o.a.m.s.f.DefaultMavenResourcesFiltering - skip non existing resourceDirectory C:\Users\ASUS\Desktop\CS_SeleniumExercises\SeleniumPractice\src\test\resources
2024-03-13 18:56:41,183 [Worker-62: Building] INFO  o.a.m.s.f.DefaultMavenResourcesFiltering - skip non existing resourceDirectory C:\Users\ASUS\Desktop\CS_SeleniumExercises\SeleniumPractice\src\main\resources
2024-03-13 18:56:41,185 [Worker-62: Building] INFO  o.a.m.s.f.DefaultMavenResourcesFiltering - skip non existing resourceDirectory C:\Users\ASUS\Desktop\CS_SeleniumExercises\SeleniumPractice\src\test\resources
2024-03-13 18:58:18,749 [Worker-77: Launching OrangeHRM] INFO  o.a.m.s.f.DefaultMavenResourcesFiltering - skip non existing resourceDirectory C:\Users\ASUS\Desktop\CS_SeleniumExercises\SeleniumPractice\src\main\resources
2024-03-13 18:58:18,751 [Worker-77: Launching OrangeHRM] INFO  o.a.m.s.f.DefaultMavenResourcesFiltering - skip non existing resourceDirectory C:\Users\ASUS\Desktop\CS_SeleniumExercises\SeleniumPractice\src\test\resources
2024-03-14 10:20:48,435 [Worker-92: Launching OrangeHRM] INFO  o.a.m.s.f.DefaultMavenResourcesFiltering - skip non existing resourceDirectory C:\Users\ASUS\Desktop\CS_SeleniumExercises\SeleniumPractice\src\main\resources
2024-03-14 10:20:48,438 [Worker-92: Launching OrangeHRM] INFO  o.a.m.s.f.DefaultMavenResourcesFiltering - skip non existing resourceDirectory C:\Users\ASUS\Desktop\CS_SeleniumExercises\SeleniumPractice\src\test\resources
2024-03-14 10:22:38,619 [Worker-84: Launching OrangeHRM] INFO  o.a.m.s.f.DefaultMavenResourcesFiltering - skip non existing resourceDirectory C:\Users\ASUS\Desktop\CS_SeleniumExercises\SeleniumPractice\src\main\resources
2024-03-14 10:22:38,622 [Worker-84: Launching OrangeHRM] INFO  o.a.m.s.f.DefaultMavenResourcesFiltering - skip non existing resourceDirectory C:\Users\ASUS\Desktop\CS_SeleniumExercises\SeleniumPractice\src\test\resources
2024-03-14 10:25:03,383 [Worker-96: Launching OrangeHRM] INFO  o.a.m.s.f.DefaultMavenResourcesFiltering - skip non existing resourceDirectory C:\Users\ASUS\Desktop\CS_SeleniumExercises\SeleniumPractice\src\main\resources
2024-03-14 10:25:03,386 [Worker-96: Launching OrangeHRM] INFO  o.a.m.s.f.DefaultMavenResourcesFiltering - skip non existing resourceDirectory C:\Users\ASUS\Desktop\CS_SeleniumExercises\SeleniumPractice\src\test\resources
2024-03-14 10:28:26,537 [Worker-94: Launching OrangeHRM] INFO  o.a.m.s.f.DefaultMavenResourcesFiltering - skip non existing resourceDirectory C:\Users\ASUS\Desktop\CS_SeleniumExercises\SeleniumPractice\src\main\resources
2024-03-14 10:28:26,539 [Worker-94: Launching OrangeHRM] INFO  o.a.m.s.f.DefaultMavenResourcesFiltering - skip non existing resourceDirectory C:\Users\ASUS\Desktop\CS_SeleniumExercises\SeleniumPractice\src\test\resources
2024-03-14 10:30:24,597 [Worker-99: Launching OrangeHRM] INFO  o.a.m.s.f.DefaultMavenResourcesFiltering - skip non existing resourceDirectory C:\Users\ASUS\Desktop\CS_SeleniumExercises\SeleniumPractice\src\main\resources
2024-03-14 10:30:24,601 [Worker-99: Launching OrangeHRM] INFO  o.a.m.s.f.DefaultMavenResourcesFiltering - skip non existing resourceDirectory C:\Users\ASUS\Desktop\CS_SeleniumExercises\SeleniumPractice\src\test\resources
2024-03-14 10:32:51,116 [Worker-94: Launching OrangeHRM] INFO  o.a.m.s.f.DefaultMavenResourcesFiltering - skip non existing resourceDirectory C:\Users\ASUS\Desktop\CS_SeleniumExercises\SeleniumPractice\src\main\resources
2024-03-14 10:32:51,119 [Worker-94: Launching OrangeHRM] INFO  o.a.m.s.f.DefaultMavenResourcesFiltering - skip non existing resourceDirectory C:\Users\ASUS\Desktop\CS_SeleniumExercises\SeleniumPractice\src\test\resources
2024-03-14 10:38:20,579 [Worker-94: Launching OrangeHRM] INFO  o.a.m.s.f.DefaultMavenResourcesFiltering - skip non existing resourceDirectory C:\Users\ASUS\Desktop\CS_SeleniumExercises\SeleniumPractice\src\main\resources
2024-03-14 10:38:20,581 [Worker-94: Launching OrangeHRM] INFO  o.a.m.s.f.DefaultMavenResourcesFiltering - skip non existing resourceDirectory C:\Users\ASUS\Desktop\CS_SeleniumExercises\SeleniumPractice\src\test\resources
2024-03-14 10:40:00,457 [Worker-104: Building] INFO  o.a.m.s.f.DefaultMavenResourcesFiltering - skip non existing resourceDirectory C:\Users\ASUS\Desktop\CS_SeleniumExercises\SeleniumPractice\src\main\resources
2024-03-14 10:40:00,458 [Worker-104: Building] INFO  o.a.m.s.f.DefaultMavenResourcesFiltering - skip non existing resourceDirectory C:\Users\ASUS\Desktop\CS_SeleniumExercises\SeleniumPractice\src\test\resources
2024-03-14 12:00:01,642 [Worker-126: Launching OrangeHRM] INFO  o.a.m.s.f.DefaultMavenResourcesFiltering - skip non existing resourceDirectory C:\Users\ASUS\Desktop\CS_SeleniumExercises\SeleniumPractice\src\main\resources
2024-03-14 12:00:01,646 [Worker-126: Launching OrangeHRM] INFO  o.a.m.s.f.DefaultMavenResourcesFiltering - skip non existing resourceDirectory C:\Users\ASUS\Desktop\CS_SeleniumExercises\SeleniumPractice\src\test\resources
2024-03-14 12:28:52,671 [Worker-143: Launching OrangeHRM] INFO  o.a.m.s.f.DefaultMavenResourcesFiltering - skip non existing resourceDirectory C:\Users\ASUS\Desktop\CS_SeleniumExercises\SeleniumPractice\src\main\resources
2024-03-14 12:28:52,673 [Worker-143: Launching OrangeHRM] INFO  o.a.m.s.f.DefaultMavenResourcesFiltering - skip non existing resourceDirectory C:\Users\ASUS\Desktop\CS_SeleniumExercises\SeleniumPractice\src\test\resources
2024-03-14 12:33:34,158 [Worker-148: Launching OrangeHRM] INFO  o.a.m.s.f.DefaultMavenResourcesFiltering - skip non existing resourceDirectory C:\Users\ASUS\Desktop\CS_SeleniumExercises\SeleniumPractice\src\main\resources
2024-03-14 12:33:34,160 [Worker-148: Launching OrangeHRM] INFO  o.a.m.s.f.DefaultMavenResourcesFiltering - skip non existing resourceDirectory C:\Users\ASUS\Desktop\CS_SeleniumExercises\SeleniumPractice\src\test\resources
2024-03-14 12:34:39,504 [Worker-151: Launching OrangeHRM] INFO  o.a.m.s.f.DefaultMavenResourcesFiltering - skip non existing resourceDirectory C:\Users\ASUS\Desktop\CS_SeleniumExercises\SeleniumPractice\src\main\resources
2024-03-14 12:34:39,507 [Worker-151: Launching OrangeHRM] INFO  o.a.m.s.f.DefaultMavenResourcesFiltering - skip non existing resourceDirectory C:\Users\ASUS\Desktop\CS_SeleniumExercises\SeleniumPractice\src\test\resources
2024-03-14 12:45:50,264 [Worker-145: Building] INFO  o.a.m.s.f.DefaultMavenResourcesFiltering - skip non existing resourceDirectory C:\Users\ASUS\Desktop\CS_SeleniumExercises\SeleniumPractice\src\main\resources
2024-03-14 12:45:50,266 [Worker-145: Building] INFO  o.a.m.s.f.DefaultMavenResourcesFiltering - skip non existing resourceDirectory C:\Users\ASUS\Desktop\CS_SeleniumExercises\SeleniumPractice\src\test\resources
2024-03-14 12:46:57,220 [Worker-154: Launching OrangeHRM] INFO  o.a.m.s.f.DefaultMavenResourcesFiltering - skip non existing resourceDirectory C:\Users\ASUS\Desktop\CS_SeleniumExercises\SeleniumPractice\src\main\resources
2024-03-14 12:46:57,222 [Worker-154: Launching OrangeHRM] INFO  o.a.m.s.f.DefaultMavenResourcesFiltering - skip non existing resourceDirectory C:\Users\ASUS\Desktop\CS_SeleniumExercises\SeleniumPractice\src\test\resources
2024-03-14 13:07:17,044 [Worker-160: Building] INFO  o.a.m.s.f.DefaultMavenResourcesFiltering - skip non existing resourceDirectory C:\Users\ASUS\Desktop\CS_SeleniumExercises\SeleniumPractice\src\main\resources
2024-03-14 13:07:17,047 [Worker-160: Building] INFO  o.a.m.s.f.DefaultMavenResourcesFiltering - skip non existing resourceDirectory C:\Users\ASUS\Desktop\CS_SeleniumExercises\SeleniumPractice\src\test\resources
2024-03-14 13:07:58,226 [Worker-157: Launching OrangeHRM] INFO  o.a.m.s.f.DefaultMavenResourcesFiltering - skip non existing resourceDirectory C:\Users\ASUS\Desktop\CS_SeleniumExercises\SeleniumPractice\src\main\resources
2024-03-14 13:07:58,230 [Worker-157: Launching OrangeHRM] INFO  o.a.m.s.f.DefaultMavenResourcesFiltering - skip non existing resourceDirectory C:\Users\ASUS\Desktop\CS_SeleniumExercises\SeleniumPractice\src\test\resources
2024-03-14 13:09:03,210 [Worker-160: Launching OrangeHRM] INFO  o.a.m.s.f.DefaultMavenResourcesFiltering - skip non existing resourceDirectory C:\Users\ASUS\Desktop\CS_SeleniumExercises\SeleniumPractice\src\main\resources
2024-03-14 13:09:03,212 [Worker-160: Launching OrangeHRM] INFO  o.a.m.s.f.DefaultMavenResourcesFiltering - skip non existing resourceDirectory C:\Users\ASUS\Desktop\CS_SeleniumExercises\SeleniumPractice\src\test\resources
2024-03-14 13:10:08,425 [Worker-164: Launching OrangeHRM] INFO  o.a.m.s.f.DefaultMavenResourcesFiltering - skip non existing resourceDirectory C:\Users\ASUS\Desktop\CS_SeleniumExercises\SeleniumPractice\src\main\resources
2024-03-14 13:10:08,428 [Worker-164: Launching OrangeHRM] INFO  o.a.m.s.f.DefaultMavenResourcesFiltering - skip non existing resourceDirectory C:\Users\ASUS\Desktop\CS_SeleniumExercises\SeleniumPractice\src\test\resources
2024-03-14 13:12:05,852 [Worker-161: Launching OrangeHRM] INFO  o.a.m.s.f.DefaultMavenResourcesFiltering - skip non existing resourceDirectory C:\Users\ASUS\Desktop\CS_SeleniumExercises\SeleniumPractice\src\main\resources
2024-03-14 13:12:05,853 [Worker-161: Launching OrangeHRM] INFO  o.a.m.s.f.DefaultMavenResourcesFiltering - skip non existing resourceDirectory C:\Users\ASUS\Desktop\CS_SeleniumExercises\SeleniumPractice\src\test\resources
2024-03-14 13:16:37,944 [Worker-164: Launching OrangeHRM] INFO  o.a.m.s.f.DefaultMavenResourcesFiltering - skip non existing resourceDirectory C:\Users\ASUS\Desktop\CS_SeleniumExercises\SeleniumPractice\src\main\resources
2024-03-14 13:16:37,950 [Worker-164: Launching OrangeHRM] INFO  o.a.m.s.f.DefaultMavenResourcesFiltering - skip non existing resourceDirectory C:\Users\ASUS\Desktop\CS_SeleniumExercises\SeleniumPractice\src\test\resources
2024-03-14 13:18:03,247 [Worker-167: Building] INFO  o.a.m.s.f.DefaultMavenResourcesFiltering - skip non existing resourceDirectory C:\Users\ASUS\Desktop\CS_SeleniumExercises\SeleniumPractice\src\main\resources
2024-03-14 13:18:03,248 [Worker-167: Building] INFO  o.a.m.s.f.DefaultMavenResourcesFiltering - skip non existing resourceDirectory C:\Users\ASUS\Desktop\CS_SeleniumExercises\SeleniumPractice\src\test\resources
2024-03-14 13:18:25,419 [Worker-164: Launching OrangeHRM] INFO  o.a.m.s.f.DefaultMavenResourcesFiltering - skip non existing resourceDirectory C:\Users\ASUS\Desktop\CS_SeleniumExercises\SeleniumPractice\src\main\resources
2024-03-14 13:18:25,422 [Worker-164: Launching OrangeHRM] INFO  o.a.m.s.f.DefaultMavenResourcesFiltering - skip non existing resourceDirectory C:\Users\ASUS\Desktop\CS_SeleniumExercises\SeleniumPractice\src\test\resources
2024-03-14 13:19:30,589 [Worker-167: Launching OrangeHRM] INFO  o.a.m.s.f.DefaultMavenResourcesFiltering - skip non existing resourceDirectory C:\Users\ASUS\Desktop\CS_SeleniumExercises\SeleniumPractice\src\main\resources
2024-03-14 13:19:30,591 [Worker-167: Launching OrangeHRM] INFO  o.a.m.s.f.DefaultMavenResourcesFiltering - skip non existing resourceDirectory C:\Users\ASUS\Desktop\CS_SeleniumExercises\SeleniumPractice\src\test\resources
2024-03-14 13:21:49,437 [Worker-169: Building] INFO  o.a.m.s.f.DefaultMavenResourcesFiltering - skip non existing resourceDirectory C:\Users\ASUS\Desktop\CS_SeleniumExercises\SeleniumPractice\src\main\resources
2024-03-14 13:21:49,439 [Worker-169: Building] INFO  o.a.m.s.f.DefaultMavenResourcesFiltering - skip non existing resourceDirectory C:\Users\ASUS\Desktop\CS_SeleniumExercises\SeleniumPractice\src\test\resources
2024-03-14 14:08:27,919 [Worker-185: Launching OrangeHRM] INFO  o.a.m.s.f.DefaultMavenResourcesFiltering - skip non existing resourceDirectory C:\Users\ASUS\Desktop\CS_SeleniumExercises\SeleniumPractice\src\main\resources
2024-03-14 14:08:27,922 [Worker-185: Launching OrangeHRM] INFO  o.a.m.s.f.DefaultMavenResourcesFiltering - skip non existing resourceDirectory C:\Users\ASUS\Desktop\CS_SeleniumExercises\SeleniumPractice\src\test\resources
2024-03-14 14:14:47,612 [Worker-187: Launching OrangeHRM] INFO  o.a.m.s.f.DefaultMavenResourcesFiltering - skip non existing resourceDirectory C:\Users\ASUS\Desktop\CS_SeleniumExercises\SeleniumPractice\src\main\resources
2024-03-14 14:14:47,613 [Worker-187: Launching OrangeHRM] INFO  o.a.m.s.f.DefaultMavenResourcesFiltering - skip non existing resourceDirectory C:\Users\ASUS\Desktop\CS_SeleniumExercises\SeleniumPractice\src\test\resources
2024-03-14 14:17:05,070 [Worker-192: Launching OrangeHRM] INFO  o.a.m.s.f.DefaultMavenResourcesFiltering - skip non existing resourceDirectory C:\Users\ASUS\Desktop\CS_SeleniumExercises\SeleniumPractice\src\main\resources
2024-03-14 14:17:05,076 [Worker-192: Launching OrangeHRM] INFO  o.a.m.s.f.DefaultMavenResourcesFiltering - skip non existing resourceDirectory C:\Users\ASUS\Desktop\CS_SeleniumExercises\SeleniumPractice\src\test\resources
2024-03-14 14:17:59,832 [Worker-191: Building] INFO  o.a.m.s.f.DefaultMavenResourcesFiltering - skip non existing resourceDirectory C:\Users\ASUS\Desktop\CS_SeleniumExercises\SeleniumPractice\src\main\resources
2024-03-14 14:17:59,834 [Worker-191: Building] INFO  o.a.m.s.f.DefaultMavenResourcesFiltering - skip non existing resourceDirectory C:\Users\ASUS\Desktop\CS_SeleniumExercises\SeleniumPractice\src\test\resources
2024-03-15 14:57:46,665 [Worker-6: Loading available Gradle versions] INFO  o.e.b.c.i.u.g.PublishedGradleVersions - Gradle version information cache is up-to-date. Trying to read.
2024-03-15 14:58:53,402 [Worker-19: Launching OrangeHRM] INFO  o.a.m.s.f.DefaultMavenResourcesFiltering - skip non existing resourceDirectory C:\Users\ASUS\Desktop\CS_SeleniumExercises\SeleniumPractice\src\main\resources
2024-03-15 14:58:53,410 [Worker-19: Launching OrangeHRM] INFO  o.a.m.s.f.DefaultMavenResourcesFiltering - skip non existing resourceDirectory C:\Users\ASUS\Desktop\CS_SeleniumExercises\SeleniumPractice\src\test\resources
2024-03-15 14:59:05,686 [Worker-20: Launching OrangeHRM] INFO  o.a.m.s.f.DefaultMavenResourcesFiltering - skip non existing resourceDirectory C:\Users\ASUS\Desktop\CS_SeleniumExercises\SeleniumPractice\src\main\resources
2024-03-15 14:59:05,690 [Worker-20: Launching OrangeHRM] INFO  o.a.m.s.f.DefaultMavenResourcesFiltering - skip non existing resourceDirectory C:\Users\ASUS\Desktop\CS_SeleniumExercises\SeleniumPractice\src\test\resources
2024-03-15 15:01:07,480 [Worker-4: Launching OrangeHRM] INFO  o.a.m.s.f.DefaultMavenResourcesFiltering - skip non existing resourceDirectory C:\Users\ASUS\Desktop\CS_SeleniumExercises\SeleniumPractice\src\main\resources
2024-03-15 15:01:07,484 [Worker-4: Launching OrangeHRM] INFO  o.a.m.s.f.DefaultMavenResourcesFiltering - skip non existing resourceDirectory C:\Users\ASUS\Desktop\CS_SeleniumExercises\SeleniumPractice\src\test\resources
2024-03-15 15:02:10,855 [Worker-1: Building] INFO  o.a.m.s.f.DefaultMavenResourcesFiltering - skip non existing resourceDirectory C:\Users\ASUS\Desktop\CS_SeleniumExercises\SeleniumPractice\src\main\resources
2024-03-15 15:02:10,857 [Worker-1: Building] INFO  o.a.m.s.f.DefaultMavenResourcesFiltering - skip non existing resourceDirectory C:\Users\ASUS\Desktop\CS_SeleniumExercises\SeleniumPractice\src\test\resources
2024-03-15 15:05:11,160 [Worker-17: Launching OrangeHRM] INFO  o.a.m.s.f.DefaultMavenResourcesFiltering - skip non existing resourceDirectory C:\Users\ASUS\Desktop\CS_SeleniumExercises\SeleniumPractice\src\main\resources
2024-03-15 15:05:11,163 [Worker-17: Launching OrangeHRM] INFO  o.a.m.s.f.DefaultMavenResourcesFiltering - skip non existing resourceDirectory C:\Users\ASUS\Desktop\CS_SeleniumExercises\SeleniumPractice\src\test\resources
2024-03-15 15:06:15,197 [Worker-5: Launching OrangeHRM] INFO  o.a.m.s.f.DefaultMavenResourcesFiltering - skip non existing resourceDirectory C:\Users\ASUS\Desktop\CS_SeleniumExercises\SeleniumPractice\src\main\resources
2024-03-15 15:06:15,200 [Worker-5: Launching OrangeHRM] INFO  o.a.m.s.f.DefaultMavenResourcesFiltering - skip non existing resourceDirectory C:\Users\ASUS\Desktop\CS_SeleniumExercises\SeleniumPractice\src\test\resources
2024-03-15 15:09:55,129 [Worker-2: Loading available Gradle versions] INFO  o.e.b.c.i.u.g.PublishedGradleVersions - Gradle version information cache is up-to-date. Trying to read.
2024-03-15 15:11:13,076 [Worker-0: Launching OrangeHRM] INFO  o.a.m.s.f.DefaultMavenResourcesFiltering - skip non existing resourceDirectory C:\Users\ASUS\Desktop\CS_SeleniumExercises\SeleniumPractice\src\main\resources
2024-03-15 15:11:13,082 [Worker-0: Launching OrangeHRM] INFO  o.a.m.s.f.DefaultMavenResourcesFiltering - skip non existing resourceDirectory C:\Users\ASUS\Desktop\CS_SeleniumExercises\SeleniumPractice\src\test\resources
2024-03-15 15:14:46,453 [Worker-24: Building] INFO  o.a.m.s.f.DefaultMavenResourcesFiltering - skip non existing resourceDirectory C:\Users\ASUS\Desktop\CS_SeleniumExercises\SeleniumPractice\src\main\resources
2024-03-15 15:14:46,456 [Worker-24: Building] INFO  o.a.m.s.f.DefaultMavenResourcesFiltering - skip non existing resourceDirectory C:\Users\ASUS\Desktop\CS_SeleniumExercises\SeleniumPractice\src\test\resources
2024-03-15 15:21:18,595 [Worker-2: Loading available Gradle versions] INFO  o.e.b.c.i.u.g.PublishedGradleVersions - Gradle version information cache is up-to-date. Trying to read.
2024-03-15 15:23:13,193 [Worker-1: Loading available Gradle versions] INFO  o.e.b.c.i.u.g.PublishedGradleVersions - Gradle version information cache is up-to-date. Trying to read.
2024-03-15 15:54:04,610 [Worker-18: Launching OrangeHRM] INFO  o.a.m.s.f.DefaultMavenResourcesFiltering - skip non existing resourceDirectory C:\Users\ASUS\Desktop\CS_SeleniumExercises\SeleniumPractice\src\main\resources
2024-03-15 15:54:04,620 [Worker-18: Launching OrangeHRM] INFO  o.a.m.s.f.DefaultMavenResourcesFiltering - skip non existing resourceDirectory C:\Users\ASUS\Desktop\CS_SeleniumExercises\SeleniumPractice\src\test\resources
2024-03-15 15:59:06,701 [Worker-27: Launching OrangeHRM] INFO  o.a.m.s.f.DefaultMavenResourcesFiltering - skip non existing resourceDirectory C:\Users\ASUS\Desktop\CS_SeleniumExercises\SeleniumPractice\src\main\resources
2024-03-15 15:59:06,704 [Worker-27: Launching OrangeHRM] INFO  o.a.m.s.f.DefaultMavenResourcesFiltering - skip non existing resourceDirectory C:\Users\ASUS\Desktop\CS_SeleniumExercises\SeleniumPractice\src\test\resources
2024-03-15 15:59:45,024 [Worker-33: Launching OrangeHRM] INFO  o.a.m.s.f.DefaultMavenResourcesFiltering - skip non existing resourceDirectory C:\Users\ASUS\Desktop\CS_SeleniumExercises\SeleniumPractice\src\main\resources
2024-03-15 15:59:45,028 [Worker-33: Launching OrangeHRM] INFO  o.a.m.s.f.DefaultMavenResourcesFiltering - skip non existing resourceDirectory C:\Users\ASUS\Desktop\CS_SeleniumExercises\SeleniumPractice\src\test\resources
2024-03-15 16:00:34,662 [Worker-32: Building] INFO  o.a.m.s.f.DefaultMavenResourcesFiltering - skip non existing resourceDirectory C:\Users\ASUS\Desktop\CS_SeleniumExercises\SeleniumPractice\src\main\resources
2024-03-15 16:00:34,664 [Worker-32: Building] INFO  o.a.m.s.f.DefaultMavenResourcesFiltering - skip non existing resourceDirectory C:\Users\ASUS\Desktop\CS_SeleniumExercises\SeleniumPractice\src\test\resources
2024-03-15 16:00:41,863 [Worker-32: Launching OrangeHRM] INFO  o.a.m.s.f.DefaultMavenResourcesFiltering - skip non existing resourceDirectory C:\Users\ASUS\Desktop\CS_SeleniumExercises\SeleniumPractice\src\main\resources
2024-03-15 16:00:41,866 [Worker-32: Launching OrangeHRM] INFO  o.a.m.s.f.DefaultMavenResourcesFiltering - skip non existing resourceDirectory C:\Users\ASUS\Desktop\CS_SeleniumExercises\SeleniumPractice\src\test\resources
2024-03-15 16:24:16,894 [Worker-41: Building] INFO  o.a.m.s.f.DefaultMavenResourcesFiltering - skip non existing resourceDirectory C:\Users\ASUS\Desktop\CS_SeleniumExercises\SeleniumPractice\src\main\resources
2024-03-15 16:24:16,899 [Worker-41: Building] INFO  o.a.m.s.f.DefaultMavenResourcesFiltering - skip non existing resourceDirectory C:\Users\ASUS\Desktop\CS_SeleniumExercises\SeleniumPractice\src\test\resources
